# JRE version: OpenJDK Runtime Environment Temurin-17.0.3+7 (17.0.3+7) (build 17.0.3+7)
# Java VM: OpenJDK 64-Bit Server VM Temurin-17.0.3+7 (17.0.3+7, mixed mode, emulated-client, tiered, compressed oops, compressed class ptrs, g1 gc, windows-amd64)
GC Precious Log:
 CPUs: 12 total, 12 available
 Memory: 16312M
 Large Page Support: Disabled
 NUMA Support: Disabled
 Compressed Oops: Enabled (Zero based)
 Heap Region Size: 2M
 Heap Min Capacity: 8M
 Heap Initial Capacity: 256M
 Heap Max Capacity: 4080M
 Pre-touch: Disabled
 Parallel Workers: 10
 Concurrent Workers: 3
 Concurrent Refinement Workers: 10
 Periodic GC: Disabled
Heap:
 garbage-first heap   total 704512K, used 158896K [0x0000000701000000, 0x0000000800000000)
  region size 2048K, 17 young (34816K), 17 survivors (34816K)
 Metaspace       used 35910K, committed 36224K, reserved 1081344K
  class space    used 4621K, committed 4800K, reserved 1048576K
GC Heap History (20 events):
Event: 4.870 GC heap after
{Heap after GC invocations=10 (full 0):
 garbage-first heap   total 155648K, used 45118K [0x0000000701000000, 0x0000000800000000)
  region size 2048K, 5 young (10240K), 5 survivors (10240K)
 Metaspace       used 34786K, committed 35136K, reserved 1081344K
  class space    used 4514K, committed 4672K, reserved 1048576K
}
Event: 5.078 GC heap before
{Heap before GC invocations=10 (full 0):
 garbage-first heap   total 155648K, used 98366K [0x0000000701000000, 0x0000000800000000)
  region size 2048K, 32 young (65536K), 5 survivors (10240K)
 Metaspace       used 34883K, committed 35200K, reserved 1081344K
  class space    used 4524K, committed 4672K, reserved 1048576K
}
Event: 5.141 GC heap after
{Heap after GC invocations=11 (full 0):
 garbage-first heap   total 155648K, used 59910K [0x0000000701000000, 0x0000000800000000)
  region size 2048K, 4 young (8192K), 4 survivors (8192K)
 Metaspace       used 34883K, committed 35200K, reserved 1081344K
  class space    used 4524K, committed 4672K, reserved 1048576K
}
Event: 5.163 GC heap before
{Heap before GC invocations=11 (full 0):
 garbage-first heap   total 155648K, used 104966K [0x0000000701000000, 0x0000000800000000)
  region size 2048K, 27 young (55296K), 4 survivors (8192K)
 Metaspace       used 34944K, committed 35264K, reserved 1081344K
  class space    used 4534K, committed 4672K, reserved 1048576K
}
Event: 5.172 GC heap after
{Heap after GC invocations=12 (full 0):
 garbage-first heap   total 286720K, used 63797K [0x0000000701000000, 0x0000000800000000)
  region size 2048K, 2 young (4096K), 2 survivors (4096K)
 Metaspace       used 34944K, committed 35264K, reserved 1081344K
  class space    used 4534K, committed 4672K, reserved 1048576K
}
Event: 5.250 GC heap before
{Heap before GC invocations=12 (full 0):
 garbage-first heap   total 286720K, used 192821K [0x0000000701000000, 0x0000000800000000)
  region size 2048K, 66 young (135168K), 2 survivors (4096K)
 Metaspace       used 34990K, committed 35328K, reserved 1081344K
  class space    used 4538K, committed 4736K, reserved 1048576K
}
Event: 5.260 GC heap after
{Heap after GC invocations=13 (full 0):
 garbage-first heap   total 286720K, used 69151K [0x0000000701000000, 0x0000000800000000)
  region size 2048K, 4 young (8192K), 4 survivors (8192K)
 Metaspace       used 34990K, committed 35328K, reserved 1081344K
  class space    used 4538K, committed 4736K, reserved 1048576K
}
Event: 5.304 GC heap before
{Heap before GC invocations=13 (full 0):
 garbage-first heap   total 286720K, used 208415K [0x0000000701000000, 0x0000000800000000)
  region size 2048K, 73 young (149504K), 4 survivors (8192K)
 Metaspace       used 34990K, committed 35328K, reserved 1081344K
  class space    used 4538K, committed 4736K, reserved 1048576K
}
Event: 5.316 GC heap after
{Heap after GC invocations=14 (full 0):
 garbage-first heap   total 286720K, used 74701K [0x0000000701000000, 0x0000000800000000)
  region size 2048K, 7 young (14336K), 7 survivors (14336K)
 Metaspace       used 34990K, committed 35328K, reserved 1081344K
  class space    used 4538K, committed 4736K, reserved 1048576K
}
Event: 5.376 GC heap before
{Heap before GC invocations=14 (full 0):
 garbage-first heap   total 286720K, used 216013K [0x0000000701000000, 0x0000000800000000)
  region size 2048K, 77 young (157696K), 7 survivors (14336K)
 Metaspace       used 34990K, committed 35328K, reserved 1081344K
  class space    used 4538K, committed 4736K, reserved 1048576K
}
Event: 5.392 GC heap after
{Heap after GC invocations=15 (full 0):
 garbage-first heap   total 286720K, used 80625K [0x0000000701000000, 0x0000000800000000)
  region size 2048K, 6 young (12288K), 6 survivors (12288K)
 Metaspace       used 34990K, committed 35328K, reserved 1081344K
  class space    used 4538K, committed 4736K, reserved 1048576K
}
Event: 5.439 GC heap before
{Heap before GC invocations=15 (full 0):
 garbage-first heap   total 286720K, used 219889K [0x0000000701000000, 0x0000000800000000)
  region size 2048K, 76 young (155648K), 6 survivors (12288K)
 Metaspace       used 34990K, committed 35328K, reserved 1081344K
  class space    used 4538K, committed 4736K, reserved 1048576K
}
Event: 5.563 GC heap after
{Heap after GC invocations=16 (full 0):
 garbage-first heap   total 704512K, used 86491K [0x0000000701000000, 0x0000000800000000)
  region size 2048K, 6 young (12288K), 6 survivors (12288K)
 Metaspace       used 34990K, committed 35328K, reserved 1081344K
  class space    used 4538K, committed 4736K, reserved 1048576K
}
Event: 5.876 GC heap before
{Heap before GC invocations=16 (full 0):
 garbage-first heap   total 704512K, used 494043K [0x0000000701000000, 0x0000000800000000)
  region size 2048K, 206 young (421888K), 6 survivors (12288K)
 Metaspace       used 34990K, committed 35328K, reserved 1081344K
  class space    used 4538K, committed 4736K, reserved 1048576K
}
Event: 5.903 GC heap after
{Heap after GC invocations=17 (full 0):
 garbage-first heap   total 704512K, used 102403K [0x0000000701000000, 0x0000000800000000)
  region size 2048K, 14 young (28672K), 14 survivors (28672K)
 Metaspace       used 34990K, committed 35328K, reserved 1081344K
  class space    used 4538K, committed 4736K, reserved 1048576K
}
Event: 6.057 GC heap before
{Heap before GC invocations=17 (full 0):
 garbage-first heap   total 704512K, used 493571K [0x0000000701000000, 0x0000000800000000)
  region size 2048K, 206 young (421888K), 14 survivors (28672K)
 Metaspace       used 34990K, committed 35328K, reserved 1081344K
  class space    used 4538K, committed 4736K, reserved 1048576K
}
Event: 6.094 GC heap after
{Heap after GC invocations=18 (full 0):
 garbage-first heap   total 704512K, used 125005K [0x0000000701000000, 0x0000000800000000)
  region size 2048K, 22 young (45056K), 22 survivors (45056K)
 Metaspace       used 34990K, committed 35328K, reserved 1081344K
  class space    used 4538K, committed 4736K, reserved 1048576K
}
Event: 6.917 GC heap before
{Heap before GC invocations=18 (full 0):
 garbage-first heap   total 704512K, used 499789K [0x0000000701000000, 0x0000000800000000)
  region size 2048K, 206 young (421888K), 22 survivors (45056K)
 Metaspace       used 35122K, committed 35456K, reserved 1081344K
  class space    used 4547K, committed 4736K, reserved 1048576K
}
Event: 6.953 GC heap after
{Heap after GC invocations=19 (full 0):
 garbage-first heap   total 704512K, used 145417K [0x0000000701000000, 0x0000000800000000)
  region size 2048K, 22 young (45056K), 22 survivors (45056K)
 Metaspace       used 35122K, committed 35456K, reserved 1081344K
  class space    used 4547K, committed 4736K, reserved 1048576K
}
Event: 7.555 GC heap before
{Heap before GC invocations=19 (full 0):
 garbage-first heap   total 704512K, used 370697K [0x0000000701000000, 0x0000000800000000)
  region size 2048K, 134 young (274432K), 22 survivors (45056K)
 Metaspace       used 35910K, committed 36224K, reserved 1081344K
  class space    used 4621K, committed 4800K, reserved 1048576K
}

